Start testing: Jan 11 06:05 MSK
----------------------------------------------------------
1/14 Testing: Matrix.Initialization
1/14 Test: Matrix.Initialization
Command: "/home/xewii/projects/misc/sfst/build/test/Math_test" "--gtest_filter=Matrix.Initialization" "--gtest_also_run_disabled_tests"
Directory: /home/xewii/projects/misc/sfst/build/test
"Matrix.Initialization" start time: Jan 11 06:05 MSK
Output:
----------------------------------------------------------
Note: Google Test filter = Matrix.Initialization
[==========] Running 1 test from 1 test suite.
[----------] Global test environment set-up.
[----------] 1 test from Matrix
[ RUN      ] Matrix.Initialization
[       OK ] Matrix.Initialization (0 ms)
[----------] 1 test from Matrix (0 ms total)

[----------] Global test environment tear-down
[==========] 1 test from 1 test suite ran. (0 ms total)
[  PASSED  ] 1 test.
<end of output>
Test time =   0.01 sec
----------------------------------------------------------
Test Passed.
"Matrix.Initialization" end time: Jan 11 06:05 MSK
"Matrix.Initialization" time elapsed: 00:00:00
----------------------------------------------------------

2/14 Testing: Matrix.Assign
2/14 Test: Matrix.Assign
Command: "/home/xewii/projects/misc/sfst/build/test/Math_test" "--gtest_filter=Matrix.Assign" "--gtest_also_run_disabled_tests"
Directory: /home/xewii/projects/misc/sfst/build/test
"Matrix.Assign" start time: Jan 11 06:05 MSK
Output:
----------------------------------------------------------
Note: Google Test filter = Matrix.Assign
[==========] Running 1 test from 1 test suite.
[----------] Global test environment set-up.
[----------] 1 test from Matrix
[ RUN      ] Matrix.Assign
[       OK ] Matrix.Assign (0 ms)
[----------] 1 test from Matrix (0 ms total)

[----------] Global test environment tear-down
[==========] 1 test from 1 test suite ran. (1 ms total)
[  PASSED  ] 1 test.
<end of output>
Test time =   0.01 sec
----------------------------------------------------------
Test Passed.
"Matrix.Assign" end time: Jan 11 06:05 MSK
"Matrix.Assign" time elapsed: 00:00:00
----------------------------------------------------------

3/14 Testing: Matrix.Logic
3/14 Test: Matrix.Logic
Command: "/home/xewii/projects/misc/sfst/build/test/Math_test" "--gtest_filter=Matrix.Logic" "--gtest_also_run_disabled_tests"
Directory: /home/xewii/projects/misc/sfst/build/test
"Matrix.Logic" start time: Jan 11 06:05 MSK
Output:
----------------------------------------------------------
Note: Google Test filter = Matrix.Logic
[==========] Running 1 test from 1 test suite.
[----------] Global test environment set-up.
[----------] 1 test from Matrix
[ RUN      ] Matrix.Logic
Matrix[4, 4] = | 1, 0, 0, 0 |
               | 0, 1, 0, 0 |
               | 0, 0, 1, 0 |
               | 0, 0, 0, 1 |

Matrix[4, 4] = |             -28.8,             -28.8,             -28.8,             -28.8 |
               |                 0,                 1,                 0,                 0 |
               |             -28.8,             -28.8,             -28.8,             -28.8 |
               |                 0,                 0,                 0,                 1 |

[       OK ] Matrix.Logic (0 ms)
[----------] 1 test from Matrix (0 ms total)

[----------] Global test environment tear-down
[==========] 1 test from 1 test suite ran. (0 ms total)
[  PASSED  ] 1 test.
<end of output>
Test time =   0.01 sec
----------------------------------------------------------
Test Passed.
"Matrix.Logic" end time: Jan 11 06:05 MSK
"Matrix.Logic" time elapsed: 00:00:00
----------------------------------------------------------

4/14 Testing: Matrix.Math
4/14 Test: Matrix.Math
Command: "/home/xewii/projects/misc/sfst/build/test/Math_test" "--gtest_filter=Matrix.Math" "--gtest_also_run_disabled_tests"
Directory: /home/xewii/projects/misc/sfst/build/test
"Matrix.Math" start time: Jan 11 06:05 MSK
Output:
----------------------------------------------------------
Note: Google Test filter = Matrix.Math
[==========] Running 1 test from 1 test suite.
[----------] Global test environment set-up.
[----------] 1 test from Matrix
[ RUN      ] Matrix.Math
[       OK ] Matrix.Math (0 ms)
[----------] 1 test from Matrix (0 ms total)

[----------] Global test environment tear-down
[==========] 1 test from 1 test suite ran. (0 ms total)
[  PASSED  ] 1 test.
<end of output>
Test time =   0.01 sec
----------------------------------------------------------
Test Passed.
"Matrix.Math" end time: Jan 11 06:05 MSK
"Matrix.Math" time elapsed: 00:00:00
----------------------------------------------------------

5/14 Testing: Matrix4x4.Initialization
5/14 Test: Matrix4x4.Initialization
Command: "/home/xewii/projects/misc/sfst/build/test/Math_test" "--gtest_filter=Matrix4x4.Initialization" "--gtest_also_run_disabled_tests"
Directory: /home/xewii/projects/misc/sfst/build/test
"Matrix4x4.Initialization" start time: Jan 11 06:05 MSK
Output:
----------------------------------------------------------
Note: Google Test filter = Matrix4x4.Initialization
[==========] Running 1 test from 1 test suite.
[----------] Global test environment set-up.
[----------] 1 test from Matrix4x4
[ RUN      ] Matrix4x4.Initialization
[       OK ] Matrix4x4.Initialization (0 ms)
[----------] 1 test from Matrix4x4 (0 ms total)

[----------] Global test environment tear-down
[==========] 1 test from 1 test suite ran. (1 ms total)
[  PASSED  ] 1 test.
<end of output>
Test time =   0.01 sec
----------------------------------------------------------
Test Passed.
"Matrix4x4.Initialization" end time: Jan 11 06:05 MSK
"Matrix4x4.Initialization" time elapsed: 00:00:00
----------------------------------------------------------

6/14 Testing: Matrix4x4.Assign
6/14 Test: Matrix4x4.Assign
Command: "/home/xewii/projects/misc/sfst/build/test/Math_test" "--gtest_filter=Matrix4x4.Assign" "--gtest_also_run_disabled_tests"
Directory: /home/xewii/projects/misc/sfst/build/test
"Matrix4x4.Assign" start time: Jan 11 06:05 MSK
Output:
----------------------------------------------------------
Note: Google Test filter = Matrix4x4.Assign
[==========] Running 1 test from 1 test suite.
[----------] Global test environment set-up.
[----------] 1 test from Matrix4x4
[ RUN      ] Matrix4x4.Assign
[       OK ] Matrix4x4.Assign (0 ms)
[----------] 1 test from Matrix4x4 (0 ms total)

[----------] Global test environment tear-down
[==========] 1 test from 1 test suite ran. (0 ms total)
[  PASSED  ] 1 test.
<end of output>
Test time =   0.01 sec
----------------------------------------------------------
Test Passed.
"Matrix4x4.Assign" end time: Jan 11 06:05 MSK
"Matrix4x4.Assign" time elapsed: 00:00:00
----------------------------------------------------------

7/14 Testing: Matrix4x4.Logic
7/14 Test: Matrix4x4.Logic
Command: "/home/xewii/projects/misc/sfst/build/test/Math_test" "--gtest_filter=Matrix4x4.Logic" "--gtest_also_run_disabled_tests"
Directory: /home/xewii/projects/misc/sfst/build/test
"Matrix4x4.Logic" start time: Jan 11 06:05 MSK
Output:
----------------------------------------------------------
Note: Google Test filter = Matrix4x4.Logic
[==========] Running 1 test from 1 test suite.
[----------] Global test environment set-up.
[----------] 1 test from Matrix4x4
[ RUN      ] Matrix4x4.Logic
[       OK ] Matrix4x4.Logic (0 ms)
[----------] 1 test from Matrix4x4 (0 ms total)

[----------] Global test environment tear-down
[==========] 1 test from 1 test suite ran. (0 ms total)
[  PASSED  ] 1 test.
<end of output>
Test time =   0.01 sec
----------------------------------------------------------
Test Passed.
"Matrix4x4.Logic" end time: Jan 11 06:05 MSK
"Matrix4x4.Logic" time elapsed: 00:00:00
----------------------------------------------------------

8/14 Testing: Matrix4x4.Math
8/14 Test: Matrix4x4.Math
Command: "/home/xewii/projects/misc/sfst/build/test/Math_test" "--gtest_filter=Matrix4x4.Math" "--gtest_also_run_disabled_tests"
Directory: /home/xewii/projects/misc/sfst/build/test
"Matrix4x4.Math" start time: Jan 11 06:05 MSK
Output:
----------------------------------------------------------
Note: Google Test filter = Matrix4x4.Math
[==========] Running 1 test from 1 test suite.
[----------] Global test environment set-up.
[----------] 1 test from Matrix4x4
[ RUN      ] Matrix4x4.Math
[       OK ] Matrix4x4.Math (0 ms)
[----------] 1 test from Matrix4x4 (0 ms total)

[----------] Global test environment tear-down
[==========] 1 test from 1 test suite ran. (0 ms total)
[  PASSED  ] 1 test.
<end of output>
Test time =   0.01 sec
----------------------------------------------------------
Test Passed.
"Matrix4x4.Math" end time: Jan 11 06:05 MSK
"Matrix4x4.Math" time elapsed: 00:00:00
----------------------------------------------------------

9/14 Testing: Vector.Initialization
9/14 Test: Vector.Initialization
Command: "/home/xewii/projects/misc/sfst/build/test/Math_test" "--gtest_filter=Vector.Initialization" "--gtest_also_run_disabled_tests"
Directory: /home/xewii/projects/misc/sfst/build/test
"Vector.Initialization" start time: Jan 11 06:05 MSK
Output:
----------------------------------------------------------
Note: Google Test filter = Vector.Initialization
[==========] Running 1 test from 1 test suite.
[----------] Global test environment set-up.
[----------] 1 test from Vector
[ RUN      ] Vector.Initialization
[       OK ] Vector.Initialization (0 ms)
[----------] 1 test from Vector (0 ms total)

[----------] Global test environment tear-down
[==========] 1 test from 1 test suite ran. (0 ms total)
[  PASSED  ] 1 test.
<end of output>
Test time =   0.01 sec
----------------------------------------------------------
Test Passed.
"Vector.Initialization" end time: Jan 11 06:05 MSK
"Vector.Initialization" time elapsed: 00:00:00
----------------------------------------------------------

10/14 Testing: Vector.Assign
10/14 Test: Vector.Assign
Command: "/home/xewii/projects/misc/sfst/build/test/Math_test" "--gtest_filter=Vector.Assign" "--gtest_also_run_disabled_tests"
Directory: /home/xewii/projects/misc/sfst/build/test
"Vector.Assign" start time: Jan 11 06:05 MSK
Output:
----------------------------------------------------------
Note: Google Test filter = Vector.Assign
[==========] Running 1 test from 1 test suite.
[----------] Global test environment set-up.
[----------] 1 test from Vector
[ RUN      ] Vector.Assign
[       OK ] Vector.Assign (0 ms)
[----------] 1 test from Vector (0 ms total)

[----------] Global test environment tear-down
[==========] 1 test from 1 test suite ran. (0 ms total)
[  PASSED  ] 1 test.
<end of output>
Test time =   0.01 sec
----------------------------------------------------------
Test Passed.
"Vector.Assign" end time: Jan 11 06:05 MSK
"Vector.Assign" time elapsed: 00:00:00
----------------------------------------------------------

11/14 Testing: Vector.Operations
11/14 Test: Vector.Operations
Command: "/home/xewii/projects/misc/sfst/build/test/Math_test" "--gtest_filter=Vector.Operations" "--gtest_also_run_disabled_tests"
Directory: /home/xewii/projects/misc/sfst/build/test
"Vector.Operations" start time: Jan 11 06:05 MSK
Output:
----------------------------------------------------------
Note: Google Test filter = Vector.Operations
[==========] Running 1 test from 1 test suite.
[----------] Global test environment set-up.
[----------] 1 test from Vector
[ RUN      ] Vector.Operations
[       OK ] Vector.Operations (0 ms)
[----------] 1 test from Vector (0 ms total)

[----------] Global test environment tear-down
[==========] 1 test from 1 test suite ran. (1 ms total)
[  PASSED  ] 1 test.
<end of output>
Test time =   0.01 sec
----------------------------------------------------------
Test Passed.
"Vector.Operations" end time: Jan 11 06:05 MSK
"Vector.Operations" time elapsed: 00:00:00
----------------------------------------------------------

12/14 Testing: Vector.Math
12/14 Test: Vector.Math
Command: "/home/xewii/projects/misc/sfst/build/test/Math_test" "--gtest_filter=Vector.Math" "--gtest_also_run_disabled_tests"
Directory: /home/xewii/projects/misc/sfst/build/test
"Vector.Math" start time: Jan 11 06:05 MSK
Output:
----------------------------------------------------------
Note: Google Test filter = Vector.Math
[==========] Running 1 test from 1 test suite.
[----------] Global test environment set-up.
[----------] 1 test from Vector
[ RUN      ] Vector.Math
[       OK ] Vector.Math (0 ms)
[----------] 1 test from Vector (0 ms total)

[----------] Global test environment tear-down
[==========] 1 test from 1 test suite ran. (0 ms total)
[  PASSED  ] 1 test.
<end of output>
Test time =   0.01 sec
----------------------------------------------------------
Test Passed.
"Vector.Math" end time: Jan 11 06:05 MSK
"Vector.Math" time elapsed: 00:00:00
----------------------------------------------------------

13/14 Testing: TRS.Apply
13/14 Test: TRS.Apply
Command: "/home/xewii/projects/misc/sfst/build/test/Math_test" "--gtest_filter=TRS.Apply" "--gtest_also_run_disabled_tests"
Directory: /home/xewii/projects/misc/sfst/build/test
"TRS.Apply" start time: Jan 11 06:05 MSK
Output:
----------------------------------------------------------
Note: Google Test filter = TRS.Apply
[==========] Running 1 test from 1 test suite.
[----------] Global test environment set-up.
[----------] 1 test from TRS
[ RUN      ] TRS.Apply
[       OK ] TRS.Apply (0 ms)
[----------] 1 test from TRS (0 ms total)

[----------] Global test environment tear-down
[==========] 1 test from 1 test suite ran. (0 ms total)
[  PASSED  ] 1 test.
<end of output>
Test time =   0.01 sec
----------------------------------------------------------
Test Passed.
"TRS.Apply" end time: Jan 11 06:05 MSK
"TRS.Apply" time elapsed: 00:00:00
----------------------------------------------------------

14/14 Testing: Coubes.Rotation
14/14 Test: Coubes.Rotation
Command: "/home/xewii/projects/misc/sfst/build/test/Screen_test" "--gtest_filter=Coubes.Rotation" "--gtest_also_run_disabled_tests"
Directory: /home/xewii/projects/misc/sfst/build/test
"Coubes.Rotation" start time: Jan 11 06:05 MSK
Output:
----------------------------------------------------------
Note: Google Test filter = Coubes.Rotation
[==========] Running 1 test from 1 test suite.
[----------] Global test environment set-up.
[----------] 1 test from Coubes
[ RUN      ] Coubes.Rotation
Matrix[3, 3] = |              0.5,        -0.866025,                0 |
               |         0.866025,              0.5,                0 |
               |                0,                0,                1 |

Vector{118.5, 118.5, 1}
Vector{-43.374, 161.874, 1}
Vector{355.5, 118.5, 1}
Vector{75.126, 367.122, 1}
Vector{355.5, 355.5, 1}
Vector{-130.122, 485.622, 1}
Vector{118.5, 355.5, 1}
Vector{-248.622, 280.374, 1}
Matrix[3, 3] = |              0.5,        -0.866025,                0 |
               |         0.866025,              0.5,                0 |
               |                0,                0,                1 |

Vector{118.5, 118.5, 1}
Vector{-43.374, 161.874, 1}
Vector{355.5, 118.5, 1}
Vector{75.126, 367.122, 1}
Vector{355.5, 355.5, 1}
Vector{-130.122, 485.622, 1}
Vector{118.5, 355.5, 1}
Vector{-248.622, 280.374, 1}
Matrix[3, 3] = |              0.5,        -0.866025,                0 |
               |         0.866025,              0.5,                0 |
               |                0,                0,                1 |

Vector{118.5, 118.5, 1}
Vector{-43.374, 161.874, 1}
Vector{355.5, 118.5, 1}
Vector{75.126, 367.122, 1}
Vector{355.5, 355.5, 1}
Vector{-130.122, 485.622, 1}
Vector{118.5, 355.5, 1}
Vector{-248.622, 280.374, 1}
Matrix[3, 3] = |              0.5,        -0.866025,                0 |
               |         0.866025,              0.5,                0 |
               |                0,                0,                1 |

Vector{118.5, 118.5, 1}
Vector{-43.374, 161.874, 1}
Vector{355.5, 118.5, 1}
Vector{75.126, 367.122, 1}
Vector{355.5, 355.5, 1}
Vector{-130.122, 485.622, 1}
Vector{118.5, 355.5, 1}
Vector{-248.622, 280.374, 1}
Matrix[3, 3] = |              0.5,        -0.866025,                0 |
               |         0.866025,              0.5,                0 |
               |                0,                0,                1 |

Vector{118.5, 118.5, 1}
Vector{-43.374, 161.874, 1}
Vector{355.5, 118.5, 1}
Vector{75.126, 367.122, 1}
Vector{355.5, 355.5, 1}
Vector{-130.122, 485.622, 1}
Vector{118.5, 355.5, 1}
Vector{-248.622, 280.374, 1}
Matrix[3, 3] = |              0.5,        -0.866025,                0 |
               |         0.866025,              0.5,                0 |
               |                0,                0,                1 |

Vector{118.5, 118.5, 1}
Vector{-43.374, 161.874, 1}
Vector{355.5, 118.5, 1}
Vector{75.126, 367.122, 1}
Vector{355.5, 355.5, 1}
Vector{-130.122, 485.622, 1}
Vector{118.5, 355.5, 1}
Vector{-248.622, 280.374, 1}
Matrix[3, 3] = |              0.5,        -0.866025,                0 |
               |         0.866025,              0.5,                0 |
               |                0,                0,                1 |

Vector{118.5, 118.5, 1}
Vector{-43.374, 161.874, 1}
Vector{355.5, 118.5, 1}
Vector{75.126, 367.122, 1}
Vector{355.5, 355.5, 1}
Vector{-130.122, 485.622, 1}
Vector{118.5, 355.5, 1}
Vector{-248.622, 280.374, 1}
Matrix[3, 3] = |              0.5,        -0.866025,                0 |
               |         0.866025,              0.5,                0 |
               |                0,                0,                1 |

Vector{118.5, 118.5, 1}
Vector{-43.374, 161.874, 1}
Vector{355.5, 118.5, 1}
Vector{75.126, 367.122, 1}
Vector{355.5, 355.5, 1}
Vector{-130.122, 485.622, 1}
Vector{118.5, 355.5, 1}
Vector{-248.622, 280.374, 1}
Matrix[3, 3] = |              0.5,        -0.866025,                0 |
               |         0.866025,              0.5,                0 |
               |                0,                0,                1 |

Vector{118.5, 118.5, 1}
Vector{-43.374, 161.874, 1}
Vector{355.5, 118.5, 1}
Vector{75.126, 367.122, 1}
Vector{355.5, 355.5, 1}
Vector{-130.122, 485.622, 1}
Vector{118.5, 355.5, 1}
Vector{-248.622, 280.374, 1}
Matrix[3, 3] = |              0.5,        -0.866025,                0 |
               |         0.866025,              0.5,                0 |
               |                0,                0,                1 |

Vector{118.5, 118.5, 1}
Vector{-43.374, 161.874, 1}
Vector{355.5, 118.5, 1}
Vector{75.126, 367.122, 1}
Vector{355.5, 355.5, 1}
Vector{-130.122, 485.622, 1}
Vector{118.5, 355.5, 1}
Vector{-248.622, 280.374, 1}
Matrix[3, 3] = |              0.5,        -0.866025,                0 |
               |         0.866025,              0.5,                0 |
               |                0,                0,                1 |

Vector{118.5, 118.5, 1}
Vector{-43.374, 161.874, 1}
Vector{355.5, 118.5, 1}
Vector{75.126, 367.122, 1}
Vector{355.5, 355.5, 1}
Vector{-130.122, 485.622, 1}
Vector{118.5, 355.5, 1}
Vector{-248.622, 280.374, 1}
Matrix[3, 3] = |              0.5,        -0.866025,                0 |
               |         0.866025,              0.5,                0 |
               |                0,                0,                1 |

Vector{118.5, 118.5, 1}
Vector{-43.374, 161.874, 1}
Vector{355.5, 118.5, 1}
Vector{75.126, 367.122, 1}
Vector{355.5, 355.5, 1}
Vector{-130.122, 485.622, 1}
Vector{118.5, 355.5, 1}
Vector{-248.622, 280.374, 1}
Matrix[3, 3] = |              0.5,        -0.866025,                0 |
               |         0.866025,              0.5,                0 |
               |                0,                0,                1 |

Vector{118.5, 118.5, 1}
Vector{-43.374, 161.874, 1}
Vector{355.5, 118.5, 1}
Vector{75.126, 367.122, 1}
Vector{355.5, 355.5, 1}
Vector{-130.122, 485.622, 1}
Vector{118.5, 355.5, 1}
Vector{-248.622, 280.374, 1}
Matrix[3, 3] = |              0.5,        -0.866025,                0 |
               |         0.866025,              0.5,                0 |
               |                0,                0,                1 |

Vector{118.5, 118.5, 1}
Vector{-43.374, 161.874, 1}
Vector{355.5, 118.5, 1}
Vector{75.126, 367.122, 1}
Vector{355.5, 355.5, 1}
Vector{-130.122, 485.622, 1}
Vector{118.5, 355.5, 1}
Vector{-248.622, 280.374, 1}
Matrix[3, 3] = |              0.5,        -0.866025,                0 |
               |         0.866025,              0.5,                0 |
               |                0,                0,                1 |

Vector{118.5, 118.5, 1}
Vector{-43.374, 161.874, 1}
Vector{355.5, 118.5, 1}
Vector{75.126, 367.122, 1}
Vector{355.5, 355.5, 1}
Vector{-130.122, 485.622, 1}
Vector{118.5, 355.5, 1}
Vector{-248.622, 280.374, 1}
Matrix[3, 3] = |              0.5,        -0.866025,                0 |
               |         0.866025,              0.5,                0 |
               |                0,                0,                1 |

Vector{118.5, 118.5, 1}
Vector{-43.374, 161.874, 1}
Vector{355.5, 118.5, 1}
Vector{75.126, 367.122, 1}
Vector{355.5, 355.5, 1}
Vector{-130.122, 485.622, 1}
Vector{118.5, 355.5, 1}
Vector{-248.622, 280.374, 1}
Matrix[3, 3] = |              0.5,        -0.866025,                0 |
               |         0.866025,              0.5,                0 |
               |                0,                0,                1 |

Vector{118.5, 118.5, 1}
Vector{-43.374, 161.874, 1}
Vector{355.5, 118.5, 1}
Vector{75.126, 367.122, 1}
Vector{355.5, 355.5, 1}
Vector{-130.122, 485.622, 1}
Vector{118.5, 355.5, 1}
Vector{-248.622, 280.374, 1}
Matrix[3, 3] = |              0.5,        -0.866025,                0 |
               |         0.866025,              0.5,                0 |
               |                0,                0,                1 |

Vector{118.5, 118.5, 1}
Vector{-43.374, 161.874, 1}
Vector{355.5, 118.5, 1}
Vector{75.126, 367.122, 1}
Vector{355.5, 355.5, 1}
Vector{-130.122, 485.622, 1}
Vector{118.5, 355.5, 1}
Vector{-248.622, 280.374, 1}
Matrix[3, 3] = |              0.5,        -0.866025,                0 |
               |         0.866025,              0.5,                0 |
               |                0,                0,                1 |

Vector{118.5, 118.5, 1}
Vector{-43.374, 161.874, 1}
Vector{355.5, 118.5, 1}
Vector{75.126, 367.122, 1}
Vector{355.5, 355.5, 1}
Vector{-130.122, 485.622, 1}
Vector{118.5, 355.5, 1}
Vector{-248.622, 280.374, 1}
Matrix[3, 3] = |              0.5,        -0.866025,                0 |
               |         0.866025,              0.5,                0 |
               |                0,                0,                1 |

Vector{118.5, 118.5, 1}
Vector{-43.374, 161.874, 1}
Vector{355.5, 118.5, 1}
Vector{75.126, 367.122, 1}
Vector{355.5, 355.5, 1}
Vector{-130.122, 485.622, 1}
Vector{118.5, 355.5, 1}
Vector{-248.622, 280.374, 1}
Matrix[3, 3] = |              0.5,        -0.866025,                0 |
               |         0.866025,              0.5,                0 |
               |                0,                0,                1 |

Vector{118.5, 118.5, 1}
Vector{-43.374, 161.874, 1}
Vector{355.5, 118.5, 1}
Vector{75.126, 367.122, 1}
Vector{355.5, 355.5, 1}
Vector{-130.122, 485.622, 1}
Vector{118.5, 355.5, 1}
Vector{-248.622, 280.374, 1}
Matrix[3, 3] = |              0.5,        -0.866025,                0 |
               |         0.866025,              0.5,                0 |
               |                0,                0,                1 |

Vector{118.5, 118.5, 1}
Vector{-43.374, 161.874, 1}
Vector{355.5, 118.5, 1}
Vector{75.126, 367.122, 1}
Vector{355.5, 355.5, 1}
Vector{-130.122, 485.622, 1}
Vector{118.5, 355.5, 1}
Vector{-248.622, 280.374, 1}
Matrix[3, 3] = |              0.5,        -0.866025,                0 |
               |         0.866025,              0.5,                0 |
               |                0,                0,                1 |

Vector{118.5, 118.5, 1}
Vector{-43.374, 161.874, 1}
Vector{355.5, 118.5, 1}
Vector{75.126, 367.122, 1}
Vector{355.5, 355.5, 1}
Vector{-130.122, 485.622, 1}
Vector{118.5, 355.5, 1}
Vector{-248.622, 280.374, 1}
Matrix[3, 3] = |              0.5,        -0.866025,                0 |
               |         0.866025,              0.5,                0 |
               |                0,                0,                1 |

Vector{118.5, 118.5, 1}
Vector{-43.374, 161.874, 1}
Vector{355.5, 118.5, 1}
Vector{75.126, 367.122, 1}
Vector{355.5, 355.5, 1}
Vector{-130.122, 485.622, 1}
Vector{118.5, 355.5, 1}
Vector{-248.622, 280.374, 1}
Matrix[3, 3] = |              0.5,        -0.866025,                0 |
               |         0.866025,              0.5,                0 |
               |                0,                0,                1 |

Vector{118.5, 118.5, 1}
Vector{-43.374, 161.874, 1}
Vector{355.5, 118.5, 1}
Vector{75.126, 367.122, 1}
Vector{355.5, 355.5, 1}
Vector{-130.122, 485.622, 1}
Vector{118.5, 355.5, 1}
Vector{-248.622, 280.374, 1}
Matrix[3, 3] = |              0.5,        -0.866025,                0 |
               |         0.866025,              0.5,                0 |
               |                0,                0,                1 |

Vector{118.5, 118.5, 1}
Vector{-43.374, 161.874, 1}
Vector{355.5, 118.5, 1}
Vector{75.126, 367.122, 1}
Vector{355.5, 355.5, 1}
Vector{-130.122, 485.622, 1}
Vector{118.5, 355.5, 1}
Vector{-248.622, 280.374, 1}
/home/xewii/projects/misc/sfst/test/Screen.cpp:137: Failure
Expected equality of these values:
  1
  2
[  FAILED  ] Coubes.Rotation (5363 ms)
[----------] 1 test from Coubes (5363 ms total)

[----------] Global test environment tear-down
[==========] 1 test from 1 test suite ran. (5363 ms total)
[  PASSED  ] 0 tests.
[  FAILED  ] 1 test, listed below:
[  FAILED  ] Coubes.Rotation

 1 FAILED TEST
<end of output>
Test time =   5.40 sec
----------------------------------------------------------
Test Failed.
"Coubes.Rotation" end time: Jan 11 06:05 MSK
"Coubes.Rotation" time elapsed: 00:00:05
----------------------------------------------------------

End testing: Jan 11 06:05 MSK
